C:\USERS\STEVEN\DESKTOP\LEAPDEVELOPERKIT\EXAMPLES\MOTIONVISUALIZER\BUILDS\VISUALSTUDIO2010\DEBUG\VC110.PDB
C:\USERS\STEVEN\DESKTOP\LEAPDEVELOPERKIT\EXAMPLES\MOTIONVISUALIZER\BUILDS\VISUALSTUDIO2010\DEBUG\SET.OBJ
C:\USERS\STEVEN\DESKTOP\LEAPDEVELOPERKIT\EXAMPLES\MOTIONVISUALIZER\BUILDS\VISUALSTUDIO2010\DEBUG\PRIME.OBJ
C:\USERS\STEVEN\DESKTOP\LEAPDEVELOPERKIT\EXAMPLES\MOTIONVISUALIZER\BUILDS\VISUALSTUDIO2010\DEBUG\ATOMLIST.OBJ
C:\USERS\STEVEN\DESKTOP\LEAPDEVELOPERKIT\EXAMPLES\MOTIONVISUALIZER\BUILDS\VISUALSTUDIO2010\DEBUG\ATOMRADIUSLOOKUP.OBJ
C:\USERS\STEVEN\DESKTOP\LEAPDEVELOPERKIT\EXAMPLES\MOTIONVISUALIZER\BUILDS\VISUALSTUDIO2010\DEBUG\OBJRENDERER.OBJ
C:\USERS\STEVEN\DESKTOP\LEAPDEVELOPERKIT\EXAMPLES\MOTIONVISUALIZER\BUILDS\VISUALSTUDIO2010\DEBUG\PDBPARSER.OBJ
C:\USERS\STEVEN\DESKTOP\LEAPDEVELOPERKIT\EXAMPLES\MOTIONVISUALIZER\BUILDS\VISUALSTUDIO2010\DEBUG\STDAFX.OBJ
C:\USERS\STEVEN\DESKTOP\LEAPDEVELOPERKIT\EXAMPLES\MOTIONVISUALIZER\BUILDS\VISUALSTUDIO2010\DEBUG\ATOMBAG.OBJ
C:\USERS\STEVEN\DESKTOP\LEAPDEVELOPERKIT\EXAMPLES\MOTIONVISUALIZER\BUILDS\VISUALSTUDIO2010\DEBUG\FUNCLIB.OBJ
C:\USERS\STEVEN\DESKTOP\LEAPDEVELOPERKIT\EXAMPLES\MOTIONVISUALIZER\BUILDS\VISUALSTUDIO2010\DEBUG\MATHLIB.OBJ
C:\USERS\STEVEN\DESKTOP\LEAPDEVELOPERKIT\EXAMPLES\MOTIONVISUALIZER\BUILDS\VISUALSTUDIO2010\DEBUG\OUTPUTFILE.OBJ
C:\USERS\STEVEN\DESKTOP\LEAPDEVELOPERKIT\EXAMPLES\MOTIONVISUALIZER\BUILDS\VISUALSTUDIO2010\DEBUG\RENDERER.OBJ
C:\USERS\STEVEN\DESKTOP\LEAPDEVELOPERKIT\EXAMPLES\MOTIONVISUALIZER\BUILDS\VISUALSTUDIO2010\DEBUG\_LALGEBRA.OBJ
C:\USERS\STEVEN\DESKTOP\LEAPDEVELOPERKIT\EXAMPLES\MOTIONVISUALIZER\BUILDS\VISUALSTUDIO2010\DEBUG\AMINOACID.OBJ
C:\USERS\STEVEN\DESKTOP\LEAPDEVELOPERKIT\EXAMPLES\MOTIONVISUALIZER\BUILDS\VISUALSTUDIO2010\DEBUG\CALIST.OBJ
C:\USERS\STEVEN\DESKTOP\LEAPDEVELOPERKIT\EXAMPLES\MOTIONVISUALIZER\BUILDS\VISUALSTUDIO2010\DEBUG\GEOMETRYPARSER.OBJ
C:\USERS\STEVEN\DESKTOP\LEAPDEVELOPERKIT\EXAMPLES\MOTIONVISUALIZER\BUILDS\VISUALSTUDIO2010\DEBUG\PDBATOM.OBJ
C:\USERS\STEVEN\DESKTOP\LEAPDEVELOPERKIT\EXAMPLES\MOTIONVISUALIZER\BUILDS\VISUALSTUDIO2010\DEBUG\POCKETALIGNMENT.OBJ
C:\USERS\STEVEN\DESKTOP\LEAPDEVELOPERKIT\EXAMPLES\MOTIONVISUALIZER\BUILDS\VISUALSTUDIO2010\DEBUG\SURFACEOUTPUT.OBJ
C:\USERS\STEVEN\DESKTOP\LEAPDEVELOPERKIT\EXAMPLES\MOTIONVISUALIZER\BUILDS\VISUALSTUDIO2010\DEBUG\MAIN.OBJ
C:\USERS\STEVEN\DESKTOP\LEAPDEVELOPERKIT\EXAMPLES\MOTIONVISUALIZER\BUILDS\VISUALSTUDIO2010\DEBUG\SURFACEOBJECT.OBJ
C:\USERS\STEVEN\DESKTOP\LEAPDEVELOPERKIT\EXAMPLES\MOTIONVISUALIZER\BUILDS\VISUALSTUDIO2010\DEBUG\MOTIONVISUALIZER.ILK
C:\USERS\STEVEN\DESKTOP\LEAPDEVELOPERKIT\EXAMPLES\MOTIONVISUALIZER\BUILDS\VISUALSTUDIO2010\DEBUG\MOTIONVISUALIZER.EXE
C:\USERS\STEVEN\DESKTOP\LEAPDEVELOPERKIT\EXAMPLES\MOTIONVISUALIZER\BUILDS\VISUALSTUDIO2010\DEBUG\MOTIONVISUALIZER.PDB
C:\USERS\STEVEN\DESKTOP\LEAPDEVELOPERKIT\EXAMPLES\MOTIONVISUALIZER\BUILDS\VISUALSTUDIO2010\DEBUG\RESOURCES.RES
C:\Users\Steven\Desktop\LeapDeveloperKit\Examples\MotionVisualizer\Builds\VisualStudio2010\Debug\aminoAcid.obj
C:\Users\Steven\Desktop\LeapDeveloperKit\Examples\MotionVisualizer\Builds\VisualStudio2010\Debug\atomBag.obj
C:\Users\Steven\Desktop\LeapDeveloperKit\Examples\MotionVisualizer\Builds\VisualStudio2010\Debug\AtomList.obj
C:\Users\Steven\Desktop\LeapDeveloperKit\Examples\MotionVisualizer\Builds\VisualStudio2010\Debug\atomRadiusLookup.obj
C:\Users\Steven\Desktop\LeapDeveloperKit\Examples\MotionVisualizer\Builds\VisualStudio2010\Debug\caList.obj
C:\Users\Steven\Desktop\LeapDeveloperKit\Examples\MotionVisualizer\Builds\VisualStudio2010\Debug\funclib.obj
C:\Users\Steven\Desktop\LeapDeveloperKit\Examples\MotionVisualizer\Builds\VisualStudio2010\Debug\GeometryParser.obj
C:\Users\Steven\Desktop\LeapDeveloperKit\Examples\MotionVisualizer\Builds\VisualStudio2010\Debug\juce_core.obj
C:\Users\Steven\Desktop\LeapDeveloperKit\Examples\MotionVisualizer\Builds\VisualStudio2010\Debug\juce_data_structures.obj
C:\Users\Steven\Desktop\LeapDeveloperKit\Examples\MotionVisualizer\Builds\VisualStudio2010\Debug\juce_events.obj
C:\Users\Steven\Desktop\LeapDeveloperKit\Examples\MotionVisualizer\Builds\VisualStudio2010\Debug\juce_graphics.obj
C:\Users\Steven\Desktop\LeapDeveloperKit\Examples\MotionVisualizer\Builds\VisualStudio2010\Debug\juce_gui_basics.obj
C:\Users\Steven\Desktop\LeapDeveloperKit\Examples\MotionVisualizer\Builds\VisualStudio2010\Debug\juce_gui_extra.obj
C:\Users\Steven\Desktop\LeapDeveloperKit\Examples\MotionVisualizer\Builds\VisualStudio2010\Debug\juce_opengl.obj
C:\Users\Steven\Desktop\LeapDeveloperKit\Examples\MotionVisualizer\Builds\VisualStudio2010\Debug\LeapUtil.obj
C:\Users\Steven\Desktop\LeapDeveloperKit\Examples\MotionVisualizer\Builds\VisualStudio2010\Debug\LeapUtilGL.obj
C:\Users\Steven\Desktop\LeapDeveloperKit\Examples\MotionVisualizer\Builds\VisualStudio2010\Debug\Main.obj
C:\Users\Steven\Desktop\LeapDeveloperKit\Examples\MotionVisualizer\Builds\VisualStudio2010\Debug\mathlib.obj
C:\Users\Steven\Desktop\LeapDeveloperKit\Examples\MotionVisualizer\Builds\VisualStudio2010\Debug\ObjRenderer.obj
C:\Users\Steven\Desktop\LeapDeveloperKit\Examples\MotionVisualizer\Builds\VisualStudio2010\Debug\outputFile.obj
C:\Users\Steven\Desktop\LeapDeveloperKit\Examples\MotionVisualizer\Builds\VisualStudio2010\Debug\PdbAtom.obj
C:\Users\Steven\Desktop\LeapDeveloperKit\Examples\MotionVisualizer\Builds\VisualStudio2010\Debug\pdbParser.obj
C:\Users\Steven\Desktop\LeapDeveloperKit\Examples\MotionVisualizer\Builds\VisualStudio2010\Debug\PocketAlignment.obj
C:\Users\Steven\Desktop\LeapDeveloperKit\Examples\MotionVisualizer\Builds\VisualStudio2010\Debug\prime.obj
C:\Users\Steven\Desktop\LeapDeveloperKit\Examples\MotionVisualizer\Builds\VisualStudio2010\Debug\Renderer.obj
C:\Users\Steven\Desktop\LeapDeveloperKit\Examples\MotionVisualizer\Builds\VisualStudio2010\Debug\set.obj
C:\Users\Steven\Desktop\LeapDeveloperKit\Examples\MotionVisualizer\Builds\VisualStudio2010\Debug\StdAfx.obj
C:\Users\Steven\Desktop\LeapDeveloperKit\Examples\MotionVisualizer\Builds\VisualStudio2010\Debug\SurfaceObject.obj
C:\Users\Steven\Desktop\LeapDeveloperKit\Examples\MotionVisualizer\Builds\VisualStudio2010\Debug\SurfaceOutput.obj
C:\Users\Steven\Desktop\LeapDeveloperKit\Examples\MotionVisualizer\Builds\VisualStudio2010\Debug\_lalgebra.obj
C:\Users\Steven\Desktop\LeapDeveloperKit\Examples\MotionVisualizer\Builds\VisualStudio2010\Debug\MotionVisualizer.ilk
C:\Users\Steven\Desktop\LeapDeveloperKit\Examples\MotionVisualizer\Builds\VisualStudio2010\Debug\CL.1756.read.1.tlog
C:\Users\Steven\Desktop\LeapDeveloperKit\Examples\MotionVisualizer\Builds\VisualStudio2010\Debug\CL.1756.write.1.tlog
C:\Users\Steven\Desktop\LeapDeveloperKit\Examples\MotionVisualizer\Builds\VisualStudio2010\Debug\CL.2088.read.1.tlog
C:\Users\Steven\Desktop\LeapDeveloperKit\Examples\MotionVisualizer\Builds\VisualStudio2010\Debug\CL.2088.write.1.tlog
C:\Users\Steven\Desktop\LeapDeveloperKit\Examples\MotionVisualizer\Builds\VisualStudio2010\Debug\CL.2328.read.1.tlog
C:\Users\Steven\Desktop\LeapDeveloperKit\Examples\MotionVisualizer\Builds\VisualStudio2010\Debug\CL.2328.write.1.tlog
C:\Users\Steven\Desktop\LeapDeveloperKit\Examples\MotionVisualizer\Builds\VisualStudio2010\Debug\CL.4024.read.1.tlog
C:\Users\Steven\Desktop\LeapDeveloperKit\Examples\MotionVisualizer\Builds\VisualStudio2010\Debug\CL.4024.write.1.tlog
C:\Users\Steven\Desktop\LeapDeveloperKit\Examples\MotionVisualizer\Builds\VisualStudio2010\Debug\CL.412.read.1.tlog
C:\Users\Steven\Desktop\LeapDeveloperKit\Examples\MotionVisualizer\Builds\VisualStudio2010\Debug\CL.412.write.1.tlog
C:\Users\Steven\Desktop\LeapDeveloperKit\Examples\MotionVisualizer\Builds\VisualStudio2010\Debug\CL.4444.read.1.tlog
C:\Users\Steven\Desktop\LeapDeveloperKit\Examples\MotionVisualizer\Builds\VisualStudio2010\Debug\CL.4444.write.1.tlog
C:\Users\Steven\Desktop\LeapDeveloperKit\Examples\MotionVisualizer\Builds\VisualStudio2010\Debug\CL.5180.read.1.tlog
C:\Users\Steven\Desktop\LeapDeveloperKit\Examples\MotionVisualizer\Builds\VisualStudio2010\Debug\CL.5180.write.1.tlog
C:\Users\Steven\Desktop\LeapDeveloperKit\Examples\MotionVisualizer\Builds\VisualStudio2010\Debug\CL.5544.read.1.tlog
C:\Users\Steven\Desktop\LeapDeveloperKit\Examples\MotionVisualizer\Builds\VisualStudio2010\Debug\CL.5544.write.1.tlog
C:\Users\Steven\Desktop\LeapDeveloperKit\Examples\MotionVisualizer\Builds\VisualStudio2010\Debug\CL.6480.read.1.tlog
C:\Users\Steven\Desktop\LeapDeveloperKit\Examples\MotionVisualizer\Builds\VisualStudio2010\Debug\CL.6480.write.1.tlog
C:\Users\Steven\Desktop\LeapDeveloperKit\Examples\MotionVisualizer\Builds\VisualStudio2010\Debug\CL.7032.read.1.tlog
C:\Users\Steven\Desktop\LeapDeveloperKit\Examples\MotionVisualizer\Builds\VisualStudio2010\Debug\CL.7032.write.1.tlog
C:\Users\Steven\Desktop\LeapDeveloperKit\Examples\MotionVisualizer\Builds\VisualStudio2010\Debug\CL.7052.read.1.tlog
C:\Users\Steven\Desktop\LeapDeveloperKit\Examples\MotionVisualizer\Builds\VisualStudio2010\Debug\CL.7052.write.1.tlog
C:\Users\Steven\Desktop\LeapDeveloperKit\Examples\MotionVisualizer\Builds\VisualStudio2010\Debug\CL.7260.read.1.tlog
C:\Users\Steven\Desktop\LeapDeveloperKit\Examples\MotionVisualizer\Builds\VisualStudio2010\Debug\CL.7260.write.1.tlog
C:\Users\Steven\Desktop\LeapDeveloperKit\Examples\MotionVisualizer\Builds\VisualStudio2010\Debug\CL.7584.read.1.tlog
C:\Users\Steven\Desktop\LeapDeveloperKit\Examples\MotionVisualizer\Builds\VisualStudio2010\Debug\CL.7584.write.1.tlog
C:\Users\Steven\Desktop\LeapDeveloperKit\Examples\MotionVisualizer\Builds\VisualStudio2010\Debug\CL.7764.read.1.tlog
C:\Users\Steven\Desktop\LeapDeveloperKit\Examples\MotionVisualizer\Builds\VisualStudio2010\Debug\CL.7764.write.1.tlog
C:\Users\Steven\Desktop\LeapDeveloperKit\Examples\MotionVisualizer\Builds\VisualStudio2010\Debug\CL.8024.read.1.tlog
C:\Users\Steven\Desktop\LeapDeveloperKit\Examples\MotionVisualizer\Builds\VisualStudio2010\Debug\CL.8024.write.1.tlog
C:\Users\Steven\Desktop\LeapDeveloperKit\Examples\MotionVisualizer\Builds\VisualStudio2010\Debug\CL.8032.read.1.tlog
C:\Users\Steven\Desktop\LeapDeveloperKit\Examples\MotionVisualizer\Builds\VisualStudio2010\Debug\CL.8032.write.1.tlog
C:\Users\Steven\Desktop\LeapDeveloperKit\Examples\MotionVisualizer\Builds\VisualStudio2010\Debug\CL.8132.read.1.tlog
C:\Users\Steven\Desktop\LeapDeveloperKit\Examples\MotionVisualizer\Builds\VisualStudio2010\Debug\CL.8132.write.1.tlog
C:\Users\Steven\Desktop\LeapDeveloperKit\Examples\MotionVisualizer\Builds\VisualStudio2010\Debug\CL.8144.read.1.tlog
C:\Users\Steven\Desktop\LeapDeveloperKit\Examples\MotionVisualizer\Builds\VisualStudio2010\Debug\CL.8144.write.1.tlog
C:\Users\Steven\Desktop\LeapDeveloperKit\Examples\MotionVisualizer\Builds\VisualStudio2010\Debug\cl.command.1.tlog
C:\Users\Steven\Desktop\LeapDeveloperKit\Examples\MotionVisualizer\Builds\VisualStudio2010\Debug\CL.read.1.tlog
C:\Users\Steven\Desktop\LeapDeveloperKit\Examples\MotionVisualizer\Builds\VisualStudio2010\Debug\cl.write.1.tlog
C:\Users\Steven\Desktop\LeapDeveloperKit\Examples\MotionVisualizer\Builds\VisualStudio2010\Debug\link-cvtres.read.1.tlog
C:\Users\Steven\Desktop\LeapDeveloperKit\Examples\MotionVisualizer\Builds\VisualStudio2010\Debug\link-cvtres.write.1.tlog
C:\Users\Steven\Desktop\LeapDeveloperKit\Examples\MotionVisualizer\Builds\VisualStudio2010\Debug\link-rc.read.1.tlog
C:\Users\Steven\Desktop\LeapDeveloperKit\Examples\MotionVisualizer\Builds\VisualStudio2010\Debug\link-rc.write.1.tlog
C:\Users\Steven\Desktop\LeapDeveloperKit\Examples\MotionVisualizer\Builds\VisualStudio2010\Debug\link.command.1.tlog
C:\Users\Steven\Desktop\LeapDeveloperKit\Examples\MotionVisualizer\Builds\VisualStudio2010\Debug\link.read.1.tlog
C:\Users\Steven\Desktop\LeapDeveloperKit\Examples\MotionVisualizer\Builds\VisualStudio2010\Debug\link.write.1.tlog
C:\Users\Steven\Desktop\LeapDeveloperKit\Examples\MotionVisualizer\Builds\VisualStudio2010\Debug\rc.command.1.tlog
C:\Users\Steven\Desktop\LeapDeveloperKit\Examples\MotionVisualizer\Builds\VisualStudio2010\Debug\rc.read.1.tlog
C:\Users\Steven\Desktop\LeapDeveloperKit\Examples\MotionVisualizer\Builds\VisualStudio2010\Debug\rc.write.1.tlog
C:\Users\Steven\Desktop\LeapDeveloperKit\Examples\MotionVisualizer\Builds\VisualStudio2010\Debug\resources.res
C:\Users\Steven\Desktop\LeapDeveloperKit\Examples\MotionVisualizer\Builds\VisualStudio2010\Debug\vc110.idb
C:\Users\Steven\Desktop\LeapDeveloperKit\Examples\MotionVisualizer\Builds\VisualStudio2010\Debug\MotionVisualizer.pdb
C:\Users\Steven\Desktop\LeapDeveloperKit\Examples\MotionVisualizer\Builds\VisualStudio2010\Debug\vc110.pdb
C:\Users\Steven\Desktop\LeapDeveloperKit\Examples\MotionVisualizer\Builds\VisualStudio2010\.\Debug\MotionVisualizer.exe
