Build started 11/13/2013 3:56:54 PM.
     1>Project "C:\Users\Steven\Desktop\LeapDeveloperKit\Examples\MotionVisualizer\Builds\VisualStudio2010\MotionVisualizer.vcxproj" on node 2 (Build target(s)).
     1>Link:
         C:\Program Files (x86)\Microsoft Visual Studio 11.0\VC\bin\link.exe /ERRORREPORT:PROMPT /OUT:".\Debug\\MotionVisualizer.exe" /NOLOGO /LIBPATH:..\..\..\..\LeapSDK\lib\x86 leap.lib opengl32.lib glu32.lib glut32.lib kernel32.lib user32.lib gdi32.lib winspool.lib comdlg32.lib advapi32.lib shell32.lib ole32.lib oleaut32.lib uuid.lib odbc32.lib odbccp32.lib /NODEFAULTLIB:libcmt.lib /NODEFAULTLIB:msvcrt.lib /NODEFAULTLIB:libcd.lib /MANIFEST /MANIFESTUAC:"level='asInvoker' uiAccess='false'" /manifest:embed /DEBUG /PDB:"Debug\\MotionVisualizer.pdb" /SUBSYSTEM:WINDOWS /TLBID:1 /DYNAMICBASE /NXCOMPAT /IMPLIB:".\Debug\MotionVisualizer.lib" /MACHINE:X86 /SAFESEH:NO Debug\resources.res
         Debug\\LeapUtil.obj
         Debug\\LeapUtilGL.obj
         Debug\\dirent.obj
         Debug\\GeometricRecognizer.obj
         Debug\\GestureRecognitionEngine.obj
         Debug\\Main.obj
         Debug\\juce_core.obj
         Debug\\juce_data_structures.obj
         Debug\\juce_events.obj
         Debug\\juce_graphics.obj
         Debug\\juce_gui_basics.obj
         Debug\\juce_gui_extra.obj
         Debug\\juce_opengl.obj
         Debug\\SurfaceSet.obj
         Debug\\aminoAcid.obj
         Debug\\atomBag.obj
         Debug\\AtomList.obj
         Debug\\atomRadiusLookup.obj
         Debug\\caList.obj
         Debug\\funclib.obj
         Debug\\GeometryParser.obj
         Debug\\mathlib.obj
         Debug\\ObjRenderer.obj
         Debug\\outputFile.obj
         Debug\\PdbAtom.obj
         Debug\\pdbParser.obj
         Debug\\PocketAlignment.obj
         Debug\\prime.obj
         Debug\\Renderer.obj
         Debug\\set.obj
         Debug\\StdAfx.obj
         Debug\\SurfaceObject.obj
         Debug\\SurfaceOutput.obj
         Debug\\_lalgebra.obj
         ..\..\SurfRenderer\glui32.lib
     1>GestureRecognitionEngine.obj : error LNK2001: unresolved external symbol "private: static class DollarRecognizer::GestureRecognitionEngine * DollarRecognizer::GestureRecognitionEngine::self" (?self@GestureRecognitionEngine@DollarRecognizer@@0PAV12@A)
     1>.\Debug\\MotionVisualizer.exe : fatal error LNK1120: 1 unresolved externals
     1>Done Building Project "C:\Users\Steven\Desktop\LeapDeveloperKit\Examples\MotionVisualizer\Builds\VisualStudio2010\MotionVisualizer.vcxproj" (Build target(s)) -- FAILED.

Build FAILED.

Time Elapsed 00:00:00.51
